[01-Sep-2023 14:57:02 UTC] Start function PHP
[01-Sep-2023 15:00:52 UTC] Start function PHP
[01-Sep-2023 15:00:54 UTC] Start function PHP
[01-Sep-2023 15:00:54 UTC] Start function PHP
[01-Sep-2023 15:00:56 UTC] Start function PHP
[01-Sep-2023 15:00:58 UTC] Start function PHP
[01-Sep-2023 15:00:59 UTC] Start function PHP
[01-Sep-2023 15:01:04 UTC] Start function PHP
[01-Sep-2023 15:01:27 UTC] Start function PHP
[01-Sep-2023 15:02:00 UTC] Start function PHP
[01-Sep-2023 15:02:01 UTC] Start function PHP
[01-Sep-2023 15:04:01 UTC] Start function PHP
[01-Sep-2023 15:05:02 UTC] Start function PHP
[01-Sep-2023 15:05:09 UTC] Start function PHP
[01-Sep-2023 15:05:09 UTC] Start function PHP
[01-Sep-2023 15:05:12 UTC] Start function PHP
[01-Sep-2023 15:05:13 UTC] Start function PHP
[01-Sep-2023 15:05:16 UTC] Start function PHP
[01-Sep-2023 15:05:22 UTC] Start function PHP
[01-Sep-2023 15:05:22 UTC] Start function PHP
[01-Sep-2023 15:05:27 UTC] Start function PHP
[01-Sep-2023 15:05:28 UTC] Start function PHP
[01-Sep-2023 15:05:48 UTC] Start function PHP
[01-Sep-2023 15:08:52 UTC] Start function PHP
[01-Sep-2023 15:08:52 UTC] Start function PHP
[01-Sep-2023 15:08:53 UTC] Start function PHP
[01-Sep-2023 15:08:53 UTC] Start function PHP
[01-Sep-2023 15:08:54 UTC] Start function PHP
[01-Sep-2023 15:08:54 UTC] Start function PHP
[01-Sep-2023 15:08:55 UTC] Start function PHP
[01-Sep-2023 15:09:10 UTC] Start function PHP
[01-Sep-2023 15:09:11 UTC] Start function PHP
[01-Sep-2023 15:09:13 UTC] Start function PHP
[01-Sep-2023 15:09:14 UTC] Start function PHP
[01-Sep-2023 15:09:14 UTC] Start function PHP
[01-Sep-2023 15:09:14 UTC] Start function PHP
[01-Sep-2023 15:09:25 UTC] Start function PHP
[01-Sep-2023 15:09:25 UTC] Start function PHP
[01-Sep-2023 15:09:25 UTC] Start function PHP
[01-Sep-2023 15:09:26 UTC] Start function PHP
[01-Sep-2023 15:09:26 UTC] Start function PHP
[01-Sep-2023 15:09:27 UTC] Start function PHP
[01-Sep-2023 15:09:27 UTC] Start function PHP
[01-Sep-2023 15:09:27 UTC] Start function PHP
[01-Sep-2023 15:09:28 UTC] Start function PHP
[01-Sep-2023 15:09:28 UTC] Start function PHP
[01-Sep-2023 15:09:39 UTC] Start function PHP
[01-Sep-2023 15:09:40 UTC] Start function PHP
[01-Sep-2023 15:09:40 UTC] Start function PHP
[01-Sep-2023 15:09:40 UTC] Start function PHP
[01-Sep-2023 15:09:40 UTC] Start function PHP
[01-Sep-2023 15:09:41 UTC] Start function PHP
[01-Sep-2023 15:09:41 UTC] Start function PHP
[01-Sep-2023 15:09:41 UTC] Start function PHP
[01-Sep-2023 15:09:41 UTC] Start function PHP
[01-Sep-2023 15:09:41 UTC] Start function PHP
[01-Sep-2023 15:09:42 UTC] Start function PHP
[01-Sep-2023 15:09:42 UTC] Start function PHP
[01-Sep-2023 15:10:06 UTC] Start function PHP
[01-Sep-2023 15:10:14 UTC] Start function PHP
[01-Sep-2023 15:10:15 UTC] Start function PHP
[01-Sep-2023 15:10:15 UTC] Start function PHP
[01-Sep-2023 15:10:34 UTC] Start function PHP
[01-Sep-2023 15:10:34 UTC] Start function PHP
[01-Sep-2023 15:10:34 UTC] Start function PHP
[01-Sep-2023 15:10:35 UTC] Start function PHP
[01-Sep-2023 15:10:37 UTC] Start function PHP
[01-Sep-2023 15:10:38 UTC] Start function PHP
[01-Sep-2023 15:10:49 UTC] Start function PHP
[01-Sep-2023 15:10:50 UTC] Start function PHP
[01-Sep-2023 15:10:50 UTC] Start function PHP
[01-Sep-2023 15:10:50 UTC] Start function PHP
[01-Sep-2023 15:10:50 UTC] Start function PHP
[01-Sep-2023 15:10:51 UTC] Start function PHP
[01-Sep-2023 15:10:51 UTC] Start function PHP
[01-Sep-2023 15:10:51 UTC] Start function PHP
[01-Sep-2023 15:10:51 UTC] Start function PHP
[01-Sep-2023 15:10:51 UTC] Start function PHP
[01-Sep-2023 15:10:51 UTC] Start function PHP
[01-Sep-2023 15:10:51 UTC] Start function PHP
[01-Sep-2023 15:10:57 UTC] Start function PHP
[01-Sep-2023 15:10:57 UTC] Start function PHP
[01-Sep-2023 15:10:57 UTC] Start function PHP
[01-Sep-2023 15:11:12 UTC] Start function PHP
[01-Sep-2023 15:11:19 UTC] Start function PHP
[01-Sep-2023 15:11:21 UTC] Start function PHP
[01-Sep-2023 15:11:21 UTC] Start function PHP
[01-Sep-2023 15:11:21 UTC] Start function PHP
[01-Sep-2023 15:11:21 UTC] Start function PHP
[01-Sep-2023 15:11:21 UTC] Start function PHP
[01-Sep-2023 15:11:21 UTC] Start function PHP
[01-Sep-2023 15:11:21 UTC] Start function PHP
[01-Sep-2023 15:11:22 UTC] Start function PHP
[01-Sep-2023 15:11:22 UTC] Start function PHP
[01-Sep-2023 15:11:22 UTC] Start function PHP
[01-Sep-2023 15:11:22 UTC] Start function PHP
[01-Sep-2023 15:11:28 UTC] Start function PHP
[01-Sep-2023 15:11:35 UTC] Start function PHP
[01-Sep-2023 15:11:38 UTC] Start function PHP
[01-Sep-2023 15:12:35 UTC] Start function PHP
[01-Sep-2023 15:12:55 UTC] Start function PHP
[01-Sep-2023 15:12:55 UTC] Start function PHP
[01-Sep-2023 15:13:05 UTC] Start function PHP
[01-Sep-2023 15:13:05 UTC] Start function PHP
[01-Sep-2023 15:13:18 UTC] Start function PHP
[01-Sep-2023 15:13:18 UTC] Start function PHP
[01-Sep-2023 15:13:29 UTC] Start function PHP
[01-Sep-2023 15:14:10 UTC] Start function PHP
[01-Sep-2023 15:14:10 UTC] Start function PHP
[01-Sep-2023 15:14:14 UTC] Start function PHP
[01-Sep-2023 15:14:20 UTC] Start function PHP
[01-Sep-2023 15:14:21 UTC] Start function PHP
[01-Sep-2023 15:14:28 UTC] Start function PHP
[01-Sep-2023 15:14:29 UTC] Start function PHP
[01-Sep-2023 15:14:33 UTC] Start function PHP
[01-Sep-2023 15:14:37 UTC] Start function PHP
[01-Sep-2023 15:14:41 UTC] Start function PHP
[01-Sep-2023 15:14:44 UTC] Start function PHP
[01-Sep-2023 15:15:09 UTC] Start function PHP
[01-Sep-2023 15:15:11 UTC] Start function PHP
[01-Sep-2023 15:15:14 UTC] Start function PHP
[01-Sep-2023 15:15:14 UTC] PHP Deprecated:  Il file Tema senza header.php è <strong>deprecato</strong> dalla versione 3.0.0 senza alcuna alternativa disponibile. Includi un template header.php nel tuo tema. in C:\xampp\htdocs\Progetti\Corso_Wordpress\wp-includes\functions.php on line 5646
[01-Sep-2023 15:16:10 UTC] Start function PHP
[01-Sep-2023 15:16:35 UTC] Start function PHP
[01-Sep-2023 15:17:01 UTC] Start function PHP
[01-Sep-2023 15:17:12 UTC] Start function PHP
[01-Sep-2023 15:17:22 UTC] Start function PHP
[01-Sep-2023 15:18:11 UTC] Start function PHP
[01-Sep-2023 15:18:59 UTC] Start function PHP
[01-Sep-2023 15:19:14 UTC] Start function PHP
[01-Sep-2023 15:20:12 UTC] Start function PHP
[01-Sep-2023 15:20:58 UTC] Start function PHP
[01-Sep-2023 15:21:12 UTC] Start function PHP
[01-Sep-2023 15:21:15 UTC] Start function PHP
[01-Sep-2023 15:22:13 UTC] Start function PHP
[01-Sep-2023 15:23:16 UTC] Start function PHP
[01-Sep-2023 15:24:14 UTC] Start function PHP
[01-Sep-2023 15:25:17 UTC] Start function PHP
[01-Sep-2023 15:26:15 UTC] Start function PHP
[01-Sep-2023 15:27:18 UTC] Start function PHP
[01-Sep-2023 15:28:16 UTC] Start function PHP
[01-Sep-2023 15:29:19 UTC] Start function PHP
[01-Sep-2023 15:30:17 UTC] Start function PHP
[01-Sep-2023 15:31:19 UTC] Start function PHP
[01-Sep-2023 15:31:30 UTC] Start function PHP
[01-Sep-2023 15:31:34 UTC] Start function PHP
[01-Sep-2023 15:32:19 UTC] Start function PHP
[01-Sep-2023 15:33:13 UTC] Start function PHP
[01-Sep-2023 15:33:13 UTC] PHP Fatal error:  Uncaught Error: Call to undefined function is_singlular() in C:\xampp\htdocs\Progetti\Corso_Wordpress\wp-content\themes\twentytwentyone-child\complete_post.php:4
Stack trace:
#0 C:\xampp\htdocs\Progetti\Corso_Wordpress\wp-includes\template.php(787): require()
#1 C:\xampp\htdocs\Progetti\Corso_Wordpress\wp-includes\template.php(720): load_template('C:\\xampp\\htdocs...', false, Array)
#2 C:\xampp\htdocs\Progetti\Corso_Wordpress\wp-includes\general-template.php(206): locate_template(Array, true, false, Array)
#3 C:\xampp\htdocs\Progetti\Corso_Wordpress\wp-content\themes\twentytwentyone-child\archive-complete-post.php(11): get_template_part('complete_post')
#4 C:\xampp\htdocs\Progetti\Corso_Wordpress\wp-includes\template-loader.php(106): include('C:\\xampp\\htdocs...')
#5 C:\xampp\htdocs\Progetti\Corso_Wordpress\wp-blog-header.php(19): require_once('C:\\xampp\\htdocs...')
#6 C:\xampp\htdocs\Progetti\Corso_Wordpress\index.php(17): require('C:\\xampp\\htdocs...')
#7 {main}
  thrown in C:\xampp\htdocs\Progetti\Corso_Wordpress\wp-content\themes\twentytwentyone-child\complete_post.php on line 4
[01-Sep-2023 15:33:28 UTC] Start function PHP
[01-Sep-2023 15:33:31 UTC] Start function PHP
[01-Sep-2023 15:33:34 UTC] Start function PHP
[01-Sep-2023 15:33:37 UTC] Start function PHP
[01-Sep-2023 15:33:41 UTC] Start function PHP
[01-Sep-2023 15:34:20 UTC] Start function PHP
[01-Sep-2023 15:36:21 UTC] Start function PHP
[01-Sep-2023 15:36:37 UTC] Start function PHP
[01-Sep-2023 15:39:30 UTC] Start function PHP
[01-Sep-2023 15:39:45 UTC] Start function PHP
[01-Sep-2023 15:39:47 UTC] Start function PHP
[01-Sep-2023 15:39:49 UTC] Start function PHP
[01-Sep-2023 15:39:50 UTC] Start function PHP
[01-Sep-2023 15:39:52 UTC] Start function PHP
[01-Sep-2023 15:40:08 UTC] Start function PHP
[01-Sep-2023 15:40:53 UTC] Start function PHP
[01-Sep-2023 15:42:37 UTC] Start function PHP
[01-Sep-2023 15:42:37 UTC] PHP Deprecated:  Il file Tema senza comments.php è <strong>deprecato</strong> dalla versione 3.0.0 senza alcuna alternativa disponibile. Includi un template comments.php nel tuo tema. in C:\xampp\htdocs\Progetti\Corso_Wordpress\wp-includes\functions.php on line 5646
[01-Sep-2023 15:42:54 UTC] Start function PHP
[01-Sep-2023 15:42:54 UTC] Start function PHP
[01-Sep-2023 15:42:54 UTC] Start function PHP
[01-Sep-2023 15:42:54 UTC] PHP Deprecated:  Il file Tema senza comments.php è <strong>deprecato</strong> dalla versione 3.0.0 senza alcuna alternativa disponibile. Includi un template comments.php nel tuo tema. in C:\xampp\htdocs\Progetti\Corso_Wordpress\wp-includes\functions.php on line 5646
[01-Sep-2023 15:43:00 UTC] Start function PHP
[01-Sep-2023 15:43:00 UTC] PHP Deprecated:  Il file Tema senza comments.php è <strong>deprecato</strong> dalla versione 3.0.0 senza alcuna alternativa disponibile. Includi un template comments.php nel tuo tema. in C:\xampp\htdocs\Progetti\Corso_Wordpress\wp-includes\functions.php on line 5646
[01-Sep-2023 15:43:27 UTC] Start function PHP
[01-Sep-2023 15:43:57 UTC] Start function PHP
[01-Sep-2023 15:44:41 UTC] Start function PHP
[01-Sep-2023 15:44:50 UTC] Start function PHP
[01-Sep-2023 15:44:55 UTC] Start function PHP
[01-Sep-2023 15:46:13 UTC] Start function PHP
[01-Sep-2023 15:46:56 UTC] Start function PHP
[01-Sep-2023 15:47:59 UTC] Start function PHP
[01-Sep-2023 15:48:57 UTC] Start function PHP
[01-Sep-2023 15:49:24 UTC] Start function PHP
[01-Sep-2023 15:49:41 UTC] Start function PHP
[01-Sep-2023 15:49:41 UTC] PHP Deprecated:  Il file Tema senza comments.php è <strong>deprecato</strong> dalla versione 3.0.0 senza alcuna alternativa disponibile. Includi un template comments.php nel tuo tema. in C:\xampp\htdocs\Progetti\Corso_Wordpress\wp-includes\functions.php on line 5646
[01-Sep-2023 15:50:18 UTC] Start function PHP
[01-Sep-2023 15:50:18 UTC] PHP Deprecated:  Il file Tema senza comments.php è <strong>deprecato</strong> dalla versione 3.0.0 senza alcuna alternativa disponibile. Includi un template comments.php nel tuo tema. in C:\xampp\htdocs\Progetti\Corso_Wordpress\wp-includes\functions.php on line 5646
[01-Sep-2023 15:50:25 UTC] Start function PHP
[01-Sep-2023 15:50:25 UTC] PHP Deprecated:  Il file Tema senza comments.php è <strong>deprecato</strong> dalla versione 3.0.0 senza alcuna alternativa disponibile. Includi un template comments.php nel tuo tema. in C:\xampp\htdocs\Progetti\Corso_Wordpress\wp-includes\functions.php on line 5646
[01-Sep-2023 15:50:58 UTC] Start function PHP
[01-Sep-2023 15:51:39 UTC] Start function PHP
[01-Sep-2023 15:52:05 UTC] Start function PHP
[01-Sep-2023 15:52:23 UTC] Start function PHP
[01-Sep-2023 15:52:26 UTC] Start function PHP
[01-Sep-2023 15:52:30 UTC] Start function PHP
[01-Sep-2023 15:52:34 UTC] Start function PHP
[01-Sep-2023 15:53:10 UTC] Start function PHP
[01-Sep-2023 15:53:26 UTC] Start function PHP
[01-Sep-2023 15:54:16 UTC] Start function PHP
[01-Sep-2023 15:54:36 UTC] Start function PHP
[01-Sep-2023 15:55:27 UTC] Start function PHP
[01-Sep-2023 15:57:28 UTC] Start function PHP
[01-Sep-2023 15:57:36 UTC] Start function PHP
[01-Sep-2023 15:57:37 UTC] PHP Deprecated:  Il file Tema senza comments.php è <strong>deprecato</strong> dalla versione 3.0.0 senza alcuna alternativa disponibile. Includi un template comments.php nel tuo tema. in C:\xampp\htdocs\Progetti\Corso_Wordpress\wp-includes\functions.php on line 5646
[01-Sep-2023 15:58:36 UTC] Start function PHP
[01-Sep-2023 15:58:36 UTC] PHP Deprecated:  Il file Tema senza comments.php è <strong>deprecato</strong> dalla versione 3.0.0 senza alcuna alternativa disponibile. Includi un template comments.php nel tuo tema. in C:\xampp\htdocs\Progetti\Corso_Wordpress\wp-includes\functions.php on line 5646
[01-Sep-2023 15:58:40 UTC] Start function PHP
[01-Sep-2023 15:58:49 UTC] Start function PHP
[01-Sep-2023 15:58:50 UTC] PHP Deprecated:  Il file Tema senza comments.php è <strong>deprecato</strong> dalla versione 3.0.0 senza alcuna alternativa disponibile. Includi un template comments.php nel tuo tema. in C:\xampp\htdocs\Progetti\Corso_Wordpress\wp-includes\functions.php on line 5646
[01-Sep-2023 15:59:22 UTC] Start function PHP
[01-Sep-2023 15:59:29 UTC] Start function PHP
[01-Sep-2023 16:00:17 UTC] Start function PHP
[01-Sep-2023 16:01:30 UTC] Start function PHP
[01-Sep-2023 16:01:30 UTC] Start function PHP
[01-Sep-2023 16:01:31 UTC] PHP Deprecated:  Il file Tema senza comments.php è <strong>deprecato</strong> dalla versione 3.0.0 senza alcuna alternativa disponibile. Includi un template comments.php nel tuo tema. in C:\xampp\htdocs\Progetti\Corso_Wordpress\wp-includes\functions.php on line 5646
[01-Sep-2023 16:01:39 UTC] Start function PHP
[01-Sep-2023 16:01:42 UTC] Start function PHP
[01-Sep-2023 16:01:43 UTC] PHP Deprecated:  Il file Tema senza comments.php è <strong>deprecato</strong> dalla versione 3.0.0 senza alcuna alternativa disponibile. Includi un template comments.php nel tuo tema. in C:\xampp\htdocs\Progetti\Corso_Wordpress\wp-includes\functions.php on line 5646
[01-Sep-2023 16:02:23 UTC] Start function PHP
[01-Sep-2023 16:02:30 UTC] Start function PHP
[01-Sep-2023 16:02:37 UTC] Start function PHP
